<?xml version="1.0" encoding="UTF-8"?>
<!-- Generated by org.testng.reporters.JUnitXMLReporter -->
<testsuite ignored="0" hostname="LP10-8RFSQ93" failures="0" tests="7" name="Test" time="165.804" errors="0" timestamp="2022-02-16T17:59:34 IST">
  <testcase classname="teseCases.LoginPageTest" name="validatepatronLoginPageTitleTest" time="0.029"/>
  <testcase classname="teseCases.LoginPageTest" name="loginTest" time="3.034"/>
  <testcase classname="teseCases.LoginPageTest" name="loginTest" time="32.255"/>
  <testcase classname="teseCases.CreateCalloutTestPage" name="newcalloutcreatetest" time="14.313"/>
  <testcase classname="teseCases.CreateCalloutTestPage" name="newcalloutcreatetest" time="13.392"/>
  <testcase classname="teseCases.CreateResourceFlowTestPage" name="newResourceFlowTest" time="14.6"/>
  <testcase classname="teseCases.CreateResourceFlowTestPage" name="newResourceFlowTest" time="14.846"/>
</testsuite> <!-- Test -->
