<?xml version="1.0" encoding="UTF-8"?>
<!-- Generated by org.testng.reporters.JUnitXMLReporter -->
<testsuite ignored="0" hostname="LP10-8RFSQ93" failures="0" tests="7" name="Test" time="160.39" errors="0" timestamp="2022-02-17T10:47:40 IST">
  <testcase classname="teseCases.LoginPageTest" name="validatepatronLoginPageTitleTest" time="0.007"/>
  <testcase classname="teseCases.LoginPageTest" name="loginTest" time="3.315"/>
  <testcase classname="teseCases.LoginPageTest" name="loginTest" time="32.145"/>
  <testcase classname="teseCases.CreateCalloutTestPage" name="newcalloutcreatetest" time="14.403"/>
  <testcase classname="teseCases.CreateCalloutTestPage" name="newcalloutcreatetest" time="13.897"/>
  <testcase classname="teseCases.CreateResourceFlowTestPage" name="newResourceFlowTest" time="14.899"/>
  <testcase classname="teseCases.CreateResourceFlowTestPage" name="newResourceFlowTest" time="14.82"/>
</testsuite> <!-- Test -->
