<?xml version="1.0" encoding="UTF-8"?>
<!-- Generated by org.testng.reporters.JUnitXMLReporter -->
<testsuite ignored="0" hostname="LP10-8RFSQ93" failures="0" tests="23" name="Test" time="532.139" errors="0" timestamp="2022-03-04T17:31:25 IST">
  <testcase classname="teseCases.LoginPageTest" name="loginTest" time="2.756"/>
  <testcase classname="teseCases.LoginPageTest" name="loginTest" time="32.308"/>
  <testcase classname="teseCases.LoginPageTest" name="validatepatronLoginPageTitleTest" time="0.009"/>
  <testcase classname="teseCases.CreateCalloutTestPage" name="newcalloutcreatetest" time="18.654"/>
  <testcase classname="teseCases.CreateCalloutTestPage" name="newcalloutcreatetest" time="18.959"/>
  <testcase classname="teseCases.EditCalloutsTest" name="provideCalloutTitle" time="9.967"/>
  <testcase classname="teseCases.DeleteCalloutTest" name="deleteTest" time="19.478"/>
  <testcase classname="teseCases.CreateResourceFlowTestPage" name="newResourceFlowTest" time="19.079"/>
  <testcase classname="teseCases.CreateResourceFlowTestPage" name="newResourceFlowTest" time="18.812"/>
  <testcase classname="teseCases.EditResourceFlowsTest" name="provideResourceTitle" time="10.698"/>
  <testcase classname="teseCases.DeleteResourceFlowTest" name="deleteTest" time="19.925"/>
  <testcase classname="teseCases.CreateNewsArticlesTestPage" name="newArticleCreateTest" time="6.42"/>
  <testcase classname="teseCases.EditNewsArticlesTest" name="provideNewsArticleTitle" time="5.355"/>
  <testcase classname="teseCases.DeleteNewsArticleTest" name="deleteTest" time="14.039"/>
  <testcase classname="teseCases.CreateCustomBlockTestPage" name="newCustomCreateTest" time="10.627"/>
  <testcase classname="teseCases.EditCustomBlockTest" name="provideCustomBLockTitle" time="4.394"/>
  <testcase classname="teseCases.DeleteCustomTest" name="deleteTest" time="12.737"/>
  <testcase classname="teseCases.CreateDataBaseListingsTestPage" name="newcalloutcreatetest" time="10.662"/>
  <testcase classname="teseCases.EditDatabaseListingTest" name="provideDatabaseListTitle" time="5.097"/>
  <testcase classname="teseCases.DeleteDatabaseListingTest" name="deleteTest" time="11.932"/>
  <testcase classname="teseCases.createDirectoryListingsTestPage" name="newdirectorycreatetest" time="12.377"/>
  <testcase classname="teseCases.EditDirectoryListingsTest" name="provideDirectoryListTitle" time="5.739"/>
  <testcase classname="teseCases.DeleteDirectoryListingTest" name="deleteTest" time="14.451"/>
</testsuite> <!-- Test -->
