<?xml version="1.0" encoding="UTF-8"?>
<!-- Generated by org.testng.reporters.JUnitXMLReporter -->
<testsuite ignored="0" hostname="LP10-8RFSQ93" failures="0" tests="3" name="Surefire test" time="26.54" errors="0" timestamp="2022-02-11T14:31:44 IST">
  <testcase classname="teseCases.DashboardPageTest" name="calloutsTiletest" time="1.527"/>
  <testcase classname="teseCases.LoginPageTest" name="validatepatronLoginPageTitleTest" time="0.012"/>
  <testcase classname="teseCases.LoginPageTest" name="loginTest" time="0.0">
    <skipped/>
  </testcase> <!-- loginTest -->
</testsuite> <!-- Surefire test -->
