<?xml version="1.0" encoding="UTF-8"?>
<testng-results ignored="0" total="1" passed="1" failed="0" skipped="0">
  <reporter-output>
  </reporter-output>
  <suite started-at="2022-03-04T17:19:08 IST" name="Default suite" finished-at="2022-03-04T17:19:37 IST" duration-ms="28737">
    <groups>
    </groups>
    <test started-at="2022-03-04T17:19:08 IST" name="Default test" finished-at="2022-03-04T17:19:37 IST" duration-ms="28737">
      <class name="teseCases.DeleteDirectoryListingTest">
        <test-method is-config="true" signature="setUp()[pri:0, instance:teseCases.DeleteDirectoryListingTest@4b0b0854]" started-at="2022-03-04T17:19:09 IST" name="setUp" finished-at="2022-03-04T17:19:22 IST" duration-ms="12736" status="PASS">
          <reporter-output>
          </reporter-output>
        </test-method> <!-- setUp -->
        <test-method signature="deleteTest(java.lang.String,java.lang.String,java.lang.String,java.lang.String,java.lang.String,java.lang.String,java.lang.String)[pri:0, instance:teseCases.DeleteDirectoryListingTest@4b0b0854]" started-at="2022-03-04T17:19:22 IST" name="deleteTest" data-provider="getdeletedirectorylistData" finished-at="2022-03-04T17:19:37 IST" duration-ms="14902" status="PASS">
          <params>
            <param index="0">
              <value>
                <![CDATA[Pubmed]]>
              </value>
            </param>
            <param index="1">
              <value>
                <![CDATA[Directory]]>
              </value>
            </param>
            <param index="2">
              <value>
                <![CDATA[Manager]]>
              </value>
            </param>
            <param index="3">
              <value>
                <![CDATA[Texas]]>
              </value>
            </param>
            <param index="4">
              <value>
                <![CDATA[Twitter Link]]>
              </value>
            </param>
            <param index="5">
              <value>
                <![CDATA[https://www.google.co.in/]]>
              </value>
            </param>
            <param index="6">
              <value>
                <![CDATA[Pubmed]]>
              </value>
            </param>
          </params>
          <reporter-output>
          </reporter-output>
        </test-method> <!-- deleteTest -->
        <test-method is-config="true" signature="teardown()[pri:0, instance:teseCases.DeleteDirectoryListingTest@4b0b0854]" started-at="2022-03-04T17:19:37 IST" name="teardown" finished-at="2022-03-04T17:19:37 IST" duration-ms="331" status="PASS">
          <reporter-output>
          </reporter-output>
        </test-method> <!-- teardown -->
      </class> <!-- teseCases.DeleteDirectoryListingTest -->
    </test> <!-- Default test -->
  </suite> <!-- Default suite -->
</testng-results>
