<?xml version="1.0" encoding="UTF-8"?>
<testsuite xmlns:xsi="http://www.w3.org/2001/XMLSchema-instance" xsi:schemaLocation="https://maven.apache.org/surefire/maven-surefire-plugin/xsd/surefire-test-report.xsd" name="TestSuite" time="533.163" tests="23" errors="0" skipped="0" failures="0">
  <properties>
[...]
</properties>
  <testcase name="loginTest" classname="teseCases.LoginPageTest" time="2.761"/>
  <testcase name="loginTest" classname="teseCases.LoginPageTest" time="32.309"/>
  <testcase name="validatepatronLoginPageTitleTest" classname="teseCases.LoginPageTest" time="0.009"/>
  <testcase name="newcalloutcreatetest" classname="teseCases.CreateCalloutTestPage" time="18.653"/>
  <testcase name="newcalloutcreatetest" classname="teseCases.CreateCalloutTestPage" time="18.958"/>
  <testcase name="provideCalloutTitle" classname="teseCases.EditCalloutsTest" time="9.977"/>
  <testcase name="deleteTest" classname="teseCases.DeleteCalloutTest" time="19.486"/>
  <testcase name="newResourceFlowTest" classname="teseCases.CreateResourceFlowTestPage" time="19.081"/>
  <testcase name="newResourceFlowTest" classname="teseCases.CreateResourceFlowTestPage" time="18.814"/>
  <testcase name="provideResourceTitle" classname="teseCases.EditResourceFlowsTest" time="10.709"/>
  <testcase name="deleteTest" classname="teseCases.DeleteResourceFlowTest" time="19.927"/>
  <testcase name="newArticleCreateTest" classname="teseCases.CreateNewsArticlesTestPage" time="6.42"/>
  <testcase name="provideNewsArticleTitle" classname="teseCases.EditNewsArticlesTest" time="5.357"/>
  <testcase name="deleteTest" classname="teseCases.DeleteNewsArticleTest" time="14.04"/>
  <testcase name="newCustomCreateTest" classname="teseCases.CreateCustomBlockTestPage" time="10.627"/>
  <testcase name="provideCustomBLockTitle" classname="teseCases.EditCustomBlockTest" time="4.394"/>
  <testcase name="deleteTest" classname="teseCases.DeleteCustomTest" time="12.737"/>
  <testcase name="newcalloutcreatetest" classname="teseCases.CreateDataBaseListingsTestPage" time="10.662"/>
  <testcase name="provideDatabaseListTitle" classname="teseCases.EditDatabaseListingTest" time="5.098"/>
  <testcase name="deleteTest" classname="teseCases.DeleteDatabaseListingTest" time="11.932"/>
  <testcase name="newdirectorycreatetest" classname="teseCases.createDirectoryListingsTestPage" time="12.377"/>
  <testcase name="provideDirectoryListTitle" classname="teseCases.EditDirectoryListingsTest" time="5.74"/>
  <testcase name="deleteTest" classname="teseCases.DeleteDirectoryListingTest" time="14.451"/>
</testsuite>