<?xml version="1.0" encoding="UTF-8"?>
<testng-results ignored="0" total="23" passed="23" failed="0" skipped="0">
  <reporter-output>
  </reporter-output>
  <suite started-at="2022-03-04T17:22:33 IST" name="Suite1" finished-at="2022-03-04T17:31:25 IST" duration-ms="532139">
    <groups>
    </groups>
    <test started-at="2022-03-04T17:22:33 IST" name="Test" finished-at="2022-03-04T17:31:25 IST" duration-ms="532139">
      <class name="teseCases.LoginPageTest">
        <test-method is-config="true" signature="setUp()[pri:0, instance:teseCases.LoginPageTest@20d3d15a]" started-at="2022-03-04T17:22:34 IST" name="setUp" finished-at="2022-03-04T17:22:42 IST" duration-ms="8484" status="PASS">
          <reporter-output>
          </reporter-output>
        </test-method> <!-- setUp -->
        <test-method signature="loginTest(java.lang.String,java.lang.String)[pri:1, instance:teseCases.LoginPageTest@20d3d15a]" started-at="2022-03-04T17:22:42 IST" name="loginTest" data-provider="getLoginData" finished-at="2022-03-04T17:22:45 IST" duration-ms="2756" status="PASS">
          <params>
            <param index="0">
              <value>
                <![CDATA[NESadmin]]>
              </value>
            </param>
            <param index="1">
              <value>
                <![CDATA[NES2021!]]>
              </value>
            </param>
          </params>
          <reporter-output>
          </reporter-output>
        </test-method> <!-- loginTest -->
        <test-method is-config="true" signature="teardown()[pri:0, instance:teseCases.LoginPageTest@20d3d15a]" started-at="2022-03-04T17:22:45 IST" name="teardown" finished-at="2022-03-04T17:22:45 IST" duration-ms="281" status="PASS">
          <reporter-output>
          </reporter-output>
        </test-method> <!-- teardown -->
        <test-method is-config="true" signature="setUp()[pri:0, instance:teseCases.LoginPageTest@20d3d15a]" started-at="2022-03-04T17:22:45 IST" name="setUp" finished-at="2022-03-04T17:22:53 IST" duration-ms="7032" status="PASS">
          <reporter-output>
          </reporter-output>
        </test-method> <!-- setUp -->
        <test-method signature="loginTest(java.lang.String,java.lang.String)[pri:1, instance:teseCases.LoginPageTest@20d3d15a]" started-at="2022-03-04T17:22:53 IST" name="loginTest" data-provider="getLoginData" finished-at="2022-03-04T17:23:25 IST" duration-ms="32308" status="PASS">
          <params>
            <param index="0">
              <value>
                <![CDATA[NESAdmin]]>
              </value>
            </param>
            <param index="1">
              <value>
                <![CDATA[NESNES]]>
              </value>
            </param>
          </params>
          <reporter-output>
          </reporter-output>
        </test-method> <!-- loginTest -->
        <test-method is-config="true" signature="teardown()[pri:0, instance:teseCases.LoginPageTest@20d3d15a]" started-at="2022-03-04T17:23:25 IST" name="teardown" finished-at="2022-03-04T17:23:25 IST" duration-ms="248" status="PASS">
          <reporter-output>
          </reporter-output>
        </test-method> <!-- teardown -->
        <test-method is-config="true" signature="setUp()[pri:0, instance:teseCases.LoginPageTest@20d3d15a]" started-at="2022-03-04T17:23:25 IST" name="setUp" finished-at="2022-03-04T17:23:32 IST" duration-ms="6598" status="PASS">
          <reporter-output>
          </reporter-output>
        </test-method> <!-- setUp -->
        <test-method signature="validatepatronLoginPageTitleTest()[pri:2, instance:teseCases.LoginPageTest@20d3d15a]" started-at="2022-03-04T17:23:32 IST" name="validatepatronLoginPageTitleTest" finished-at="2022-03-04T17:23:32 IST" duration-ms="9" status="PASS">
          <reporter-output>
          </reporter-output>
        </test-method> <!-- validatepatronLoginPageTitleTest -->
        <test-method is-config="true" signature="teardown()[pri:0, instance:teseCases.LoginPageTest@20d3d15a]" started-at="2022-03-04T17:23:32 IST" name="teardown" finished-at="2022-03-04T17:23:32 IST" duration-ms="209" status="PASS">
          <reporter-output>
          </reporter-output>
        </test-method> <!-- teardown -->
      </class> <!-- teseCases.LoginPageTest -->
      <class name="teseCases.EditCustomBlockTest">
        <test-method is-config="true" signature="setUp()[pri:0, instance:teseCases.EditCustomBlockTest@7a52f2a2]" started-at="2022-03-04T17:28:40 IST" name="setUp" finished-at="2022-03-04T17:28:50 IST" duration-ms="10393" status="PASS">
          <reporter-output>
          </reporter-output>
        </test-method> <!-- setUp -->
        <test-method signature="provideCustomBLockTitle(java.lang.String,java.lang.String,java.lang.String,java.lang.String)[pri:1, instance:teseCases.EditCustomBlockTest@7a52f2a2]" started-at="2022-03-04T17:28:50 IST" name="provideCustomBLockTitle" data-provider="InputCustomBlockData" finished-at="2022-03-04T17:28:54 IST" duration-ms="4394" status="PASS">
          <params>
            <param index="0">
              <value>
                <![CDATA[Verizon Custom]]>
              </value>
            </param>
            <param index="1">
              <value>
                <![CDATA[Cred Custom-E]]>
              </value>
            </param>
            <param index="2">
              <value>
                <![CDATA[Cred Custom-E work flow]]>
              </value>
            </param>
            <param index="3">
              <value>
                <![CDATA[Cred Custom-E Log]]>
              </value>
            </param>
          </params>
          <reporter-output>
          </reporter-output>
        </test-method> <!-- provideCustomBLockTitle -->
        <test-method is-config="true" signature="teardown()[pri:0, instance:teseCases.EditCustomBlockTest@7a52f2a2]" started-at="2022-03-04T17:28:54 IST" name="teardown" finished-at="2022-03-04T17:28:55 IST" duration-ms="271" status="PASS">
          <reporter-output>
          </reporter-output>
        </test-method> <!-- teardown -->
      </class> <!-- teseCases.EditCustomBlockTest -->
      <class name="teseCases.EditDirectoryListingsTest">
        <test-method is-config="true" signature="setUp()[pri:0, instance:teseCases.EditDirectoryListingsTest@4387b79e]" started-at="2022-03-04T17:30:42 IST" name="setUp" finished-at="2022-03-04T17:30:54 IST" duration-ms="11235" status="PASS">
          <reporter-output>
          </reporter-output>
        </test-method> <!-- setUp -->
        <test-method signature="provideDirectoryListTitle(java.lang.String,java.lang.String,java.lang.String,java.lang.String,java.lang.String,java.lang.String,java.lang.String)[pri:1, instance:teseCases.EditDirectoryListingsTest@4387b79e]" started-at="2022-03-04T17:30:54 IST" name="provideDirectoryListTitle" data-provider="InputDirectoryListingsData" finished-at="2022-03-04T17:30:59 IST" duration-ms="5739" status="PASS">
          <params>
            <param index="0">
              <value>
                <![CDATA[Verizon ]]>
              </value>
            </param>
            <param index="1">
              <value>
                <![CDATA[Cinahal ]]>
              </value>
            </param>
            <param index="2">
              <value>
                <![CDATA[DL-E]]>
              </value>
            </param>
            <param index="3">
              <value>
                <![CDATA[Production Manager]]>
              </value>
            </param>
            <param index="4">
              <value>
                <![CDATA[California]]>
              </value>
            </param>
            <param index="5">
              <value>
                <![CDATA[Twitter-E]]>
              </value>
            </param>
            <param index="6">
              <value>
                <![CDATA[https://www.stacksdiscovery.com/]]>
              </value>
            </param>
          </params>
          <reporter-output>
          </reporter-output>
        </test-method> <!-- provideDirectoryListTitle -->
        <test-method is-config="true" signature="teardown()[pri:0, instance:teseCases.EditDirectoryListingsTest@4387b79e]" started-at="2022-03-04T17:30:59 IST" name="teardown" finished-at="2022-03-04T17:31:00 IST" duration-ms="278" status="PASS">
          <reporter-output>
          </reporter-output>
        </test-method> <!-- teardown -->
      </class> <!-- teseCases.EditDirectoryListingsTest -->
      <class name="teseCases.DeleteDatabaseListingTest">
        <test-method is-config="true" signature="setUp()[pri:0, instance:teseCases.DeleteDatabaseListingTest@1460a8c0]" started-at="2022-03-04T17:29:55 IST" name="setUp" finished-at="2022-03-04T17:30:05 IST" duration-ms="10480" status="PASS">
          <reporter-output>
          </reporter-output>
        </test-method> <!-- setUp -->
        <test-method signature="deleteTest(java.lang.String,java.lang.String,java.lang.String,java.lang.String,java.lang.String)[pri:0, instance:teseCases.DeleteDatabaseListingTest@1460a8c0]" started-at="2022-03-04T17:30:05 IST" name="deleteTest" data-provider="getdeleteDBLData" finished-at="2022-03-04T17:30:17 IST" duration-ms="11932" status="PASS">
          <params>
            <param index="0">
              <value>
                <![CDATA[Pubmed DBL]]>
              </value>
            </param>
            <param index="1">
              <value>
                <![CDATA[https://www.google.co.in/]]>
              </value>
            </param>
            <param index="2">
              <value>
                <![CDATA[Pubmed Sub Title]]>
              </value>
            </param>
            <param index="3">
              <value>
                <![CDATA[https://www.stacksdiscovery.com/]]>
              </value>
            </param>
            <param index="4">
              <value>
                <![CDATA[Pubmed DBL]]>
              </value>
            </param>
          </params>
          <reporter-output>
          </reporter-output>
        </test-method> <!-- deleteTest -->
        <test-method is-config="true" signature="teardown()[pri:0, instance:teseCases.DeleteDatabaseListingTest@1460a8c0]" started-at="2022-03-04T17:30:17 IST" name="teardown" finished-at="2022-03-04T17:30:17 IST" duration-ms="273" status="PASS">
          <reporter-output>
          </reporter-output>
        </test-method> <!-- teardown -->
      </class> <!-- teseCases.DeleteDatabaseListingTest -->
      <class name="teseCases.EditDatabaseListingTest">
        <test-method is-config="true" signature="setUp()[pri:0, instance:teseCases.EditDatabaseListingTest@79ca92b9]" started-at="2022-03-04T17:29:39 IST" name="setUp" finished-at="2022-03-04T17:29:49 IST" duration-ms="10121" status="PASS">
          <reporter-output>
          </reporter-output>
        </test-method> <!-- setUp -->
        <test-method signature="provideDatabaseListTitle(java.lang.String,java.lang.String,java.lang.String,java.lang.String,java.lang.String)[pri:1, instance:teseCases.EditDatabaseListingTest@79ca92b9]" started-at="2022-03-04T17:29:49 IST" name="provideDatabaseListTitle" data-provider="InputDatabaseListData" finished-at="2022-03-04T17:29:55 IST" duration-ms="5097" status="PASS">
          <params>
            <param index="0">
              <value>
                <![CDATA[Verizon]]>
              </value>
            </param>
            <param index="1">
              <value>
                <![CDATA[Cred DBL-E]]>
              </value>
            </param>
            <param index="2">
              <value>
                <![CDATA[https://www.stacksdiscovery.com/]]>
              </value>
            </param>
            <param index="3">
              <value>
                <![CDATA[Sub Title1-E]]>
              </value>
            </param>
            <param index="4">
              <value>
                <![CDATA[https://www.google.co.in/]]>
              </value>
            </param>
          </params>
          <reporter-output>
          </reporter-output>
        </test-method> <!-- provideDatabaseListTitle -->
        <test-method is-config="true" signature="teardown()[pri:0, instance:teseCases.EditDatabaseListingTest@79ca92b9]" started-at="2022-03-04T17:29:55 IST" name="teardown" finished-at="2022-03-04T17:29:55 IST" duration-ms="263" status="PASS">
          <reporter-output>
          </reporter-output>
        </test-method> <!-- teardown -->
      </class> <!-- teseCases.EditDatabaseListingTest -->
      <class name="teseCases.CreateDataBaseListingsTestPage">
        <test-method is-config="true" signature="setUp()[pri:0, instance:teseCases.CreateDataBaseListingsTestPage@8909f18]" started-at="2022-03-04T17:29:18 IST" name="setUp" finished-at="2022-03-04T17:29:28 IST" duration-ms="10258" status="PASS">
          <reporter-output>
          </reporter-output>
        </test-method> <!-- setUp -->
        <test-method signature="newcalloutcreatetest(java.lang.String,java.lang.String,java.lang.String,java.lang.String)[pri:0, instance:teseCases.CreateDataBaseListingsTestPage@8909f18]" started-at="2022-03-04T17:29:28 IST" name="newcalloutcreatetest" data-provider="getDBListingsData" finished-at="2022-03-04T17:29:39 IST" duration-ms="10662" status="PASS">
          <params>
            <param index="0">
              <value>
                <![CDATA[MedLine Listing]]>
              </value>
            </param>
            <param index="1">
              <value>
                <![CDATA[https://www.google.co.in/]]>
              </value>
            </param>
            <param index="2">
              <value>
                <![CDATA[subTitle-1]]>
              </value>
            </param>
            <param index="3">
              <value>
                <![CDATA[https://www.stacksdiscovery.com/]]>
              </value>
            </param>
          </params>
          <reporter-output>
          </reporter-output>
        </test-method> <!-- newcalloutcreatetest -->
        <test-method is-config="true" signature="teardown()[pri:0, instance:teseCases.CreateDataBaseListingsTestPage@8909f18]" started-at="2022-03-04T17:29:39 IST" name="teardown" finished-at="2022-03-04T17:29:39 IST" duration-ms="379" status="PASS">
          <reporter-output>
          </reporter-output>
        </test-method> <!-- teardown -->
      </class> <!-- teseCases.CreateDataBaseListingsTestPage -->
      <class name="teseCases.CreateCustomBlockTestPage">
        <test-method is-config="true" signature="setUp()[pri:0, instance:teseCases.CreateCustomBlockTestPage@69930714]" started-at="2022-03-04T17:28:17 IST" name="setUp" finished-at="2022-03-04T17:28:28 IST" duration-ms="10245" status="PASS">
          <reporter-output>
          </reporter-output>
        </test-method> <!-- setUp -->
        <test-method signature="newCustomCreateTest(java.lang.String,java.lang.String,java.lang.String)[pri:0, instance:teseCases.CreateCustomBlockTestPage@69930714]" started-at="2022-03-04T17:28:28 IST" name="newCustomCreateTest" data-provider="getCustomBlockData" finished-at="2022-03-04T17:28:38 IST" duration-ms="10627" status="PASS">
          <params>
            <param index="0">
              <value>
                <![CDATA[Enterprise Custom]]>
              </value>
            </param>
            <param index="1">
              <value>
                <![CDATA[Enterprise Custom Work Flow]]>
              </value>
            </param>
            <param index="2">
              <value>
                <![CDATA[Revision Log]]>
              </value>
            </param>
          </params>
          <reporter-output>
          </reporter-output>
        </test-method> <!-- newCustomCreateTest -->
        <test-method is-config="true" signature="teardown()[pri:0, instance:teseCases.CreateCustomBlockTestPage@69930714]" started-at="2022-03-04T17:28:38 IST" name="teardown" finished-at="2022-03-04T17:28:39 IST" duration-ms="1175" status="PASS">
          <reporter-output>
          </reporter-output>
        </test-method> <!-- teardown -->
      </class> <!-- teseCases.CreateCustomBlockTestPage -->
      <class name="teseCases.CreateNewsArticlesTestPage">
        <test-method is-config="true" signature="setUp()[pri:0, instance:teseCases.CreateNewsArticlesTestPage@d83da2e]" started-at="2022-03-04T17:27:18 IST" name="setUp" finished-at="2022-03-04T17:27:29 IST" duration-ms="11292" status="PASS">
          <reporter-output>
          </reporter-output>
        </test-method> <!-- setUp -->
        <test-method signature="newArticleCreateTest(java.lang.String,java.lang.String,java.lang.String,java.lang.String)[pri:0, instance:teseCases.CreateNewsArticlesTestPage@d83da2e]" started-at="2022-03-04T17:27:29 IST" name="newArticleCreateTest" data-provider="getNewsArticlesData" finished-at="2022-03-04T17:27:36 IST" duration-ms="6420" status="PASS">
          <params>
            <param index="0">
              <value>
                <![CDATA[DynaMed News Article]]>
              </value>
            </param>
            <param index="1">
              <value>
                <![CDATA[https://www.google.co.in/]]>
              </value>
            </param>
            <param index="2">
              <value>
                <![CDATA[Jonny]]>
              </value>
            </param>
            <param index="3">
              <value>
                <![CDATA[DynaMed News Article Work Flow]]>
              </value>
            </param>
          </params>
          <reporter-output>
          </reporter-output>
        </test-method> <!-- newArticleCreateTest -->
        <test-method is-config="true" signature="teardown()[pri:0, instance:teseCases.CreateNewsArticlesTestPage@d83da2e]" started-at="2022-03-04T17:27:36 IST" name="teardown" finished-at="2022-03-04T17:27:36 IST" duration-ms="285" status="PASS">
          <reporter-output>
          </reporter-output>
        </test-method> <!-- teardown -->
      </class> <!-- teseCases.CreateNewsArticlesTestPage -->
      <class name="teseCases.CreateCalloutTestPage">
        <test-method is-config="true" signature="setUp()[pri:0, instance:teseCases.CreateCalloutTestPage@60611244]" started-at="2022-03-04T17:23:32 IST" name="setUp" finished-at="2022-03-04T17:23:42 IST" duration-ms="10438" status="PASS">
          <reporter-output>
          </reporter-output>
        </test-method> <!-- setUp -->
        <test-method signature="newcalloutcreatetest(java.lang.String,java.lang.String,java.lang.String)[pri:0, instance:teseCases.CreateCalloutTestPage@60611244]" started-at="2022-03-04T17:23:42 IST" name="newcalloutcreatetest" data-provider="getCalloutData" finished-at="2022-03-04T17:24:01 IST" duration-ms="18654" status="PASS">
          <params>
            <param index="0">
              <value>
                <![CDATA[Excel Callouts-1]]>
              </value>
            </param>
            <param index="1">
              <value>
                <![CDATA[Subtitle-1]]>
              </value>
            </param>
            <param index="2">
              <value>
                <![CDATA[callouts description-1]]>
              </value>
            </param>
          </params>
          <reporter-output>
          </reporter-output>
        </test-method> <!-- newcalloutcreatetest -->
        <test-method is-config="true" signature="teardown()[pri:0, instance:teseCases.CreateCalloutTestPage@60611244]" started-at="2022-03-04T17:24:01 IST" name="teardown" finished-at="2022-03-04T17:24:01 IST" duration-ms="304" status="PASS">
          <reporter-output>
          </reporter-output>
        </test-method> <!-- teardown -->
        <test-method is-config="true" signature="setUp()[pri:0, instance:teseCases.CreateCalloutTestPage@60611244]" started-at="2022-03-04T17:24:01 IST" name="setUp" finished-at="2022-03-04T17:24:13 IST" duration-ms="11812" status="PASS">
          <reporter-output>
          </reporter-output>
        </test-method> <!-- setUp -->
        <test-method signature="newcalloutcreatetest(java.lang.String,java.lang.String,java.lang.String)[pri:0, instance:teseCases.CreateCalloutTestPage@60611244]" started-at="2022-03-04T17:24:13 IST" name="newcalloutcreatetest" data-provider="getCalloutData" finished-at="2022-03-04T17:24:32 IST" duration-ms="18959" status="PASS">
          <params>
            <param index="0">
              <value>
                <![CDATA[Excel Callouts-2]]>
              </value>
            </param>
            <param index="1">
              <value>
                <![CDATA[Subtitle-2]]>
              </value>
            </param>
            <param index="2">
              <value>
                <![CDATA[callouts description-2]]>
              </value>
            </param>
          </params>
          <reporter-output>
          </reporter-output>
        </test-method> <!-- newcalloutcreatetest -->
        <test-method is-config="true" signature="teardown()[pri:0, instance:teseCases.CreateCalloutTestPage@60611244]" started-at="2022-03-04T17:24:32 IST" name="teardown" finished-at="2022-03-04T17:24:33 IST" duration-ms="371" status="PASS">
          <reporter-output>
          </reporter-output>
        </test-method> <!-- teardown -->
      </class> <!-- teseCases.CreateCalloutTestPage -->
      <class name="teseCases.DeleteCalloutTest">
        <test-method is-config="true" signature="setUp()[pri:0, instance:teseCases.DeleteCalloutTest@5e4c8041]" started-at="2022-03-04T17:24:52 IST" name="setUp" finished-at="2022-03-04T17:25:03 IST" duration-ms="11075" status="PASS">
          <reporter-output>
          </reporter-output>
        </test-method> <!-- setUp -->
        <test-method signature="deleteTest(java.lang.String,java.lang.String,java.lang.String,java.lang.String)[pri:0, instance:teseCases.DeleteCalloutTest@5e4c8041]" started-at="2022-03-04T17:25:03 IST" name="deleteTest" data-provider="getdeleteData" finished-at="2022-03-04T17:25:23 IST" duration-ms="19478" status="PASS">
          <params>
            <param index="0">
              <value>
                <![CDATA[pubmed]]>
              </value>
            </param>
            <param index="1">
              <value>
                <![CDATA[pubmed pvt. Ltd]]>
              </value>
            </param>
            <param index="2">
              <value>
                <![CDATA[pubmed private Limited Description]]>
              </value>
            </param>
            <param index="3">
              <value>
                <![CDATA[pubmed]]>
              </value>
            </param>
          </params>
          <reporter-output>
          </reporter-output>
        </test-method> <!-- deleteTest -->
        <test-method is-config="true" signature="teardown()[pri:0, instance:teseCases.DeleteCalloutTest@5e4c8041]" started-at="2022-03-04T17:25:23 IST" name="teardown" finished-at="2022-03-04T17:25:23 IST" duration-ms="409" status="PASS">
          <reporter-output>
          </reporter-output>
        </test-method> <!-- teardown -->
      </class> <!-- teseCases.DeleteCalloutTest -->
      <class name="teseCases.DeleteDirectoryListingTest">
        <test-method is-config="true" signature="setUp()[pri:0, instance:teseCases.DeleteDirectoryListingTest@6e75aa0d]" started-at="2022-03-04T17:31:00 IST" name="setUp" finished-at="2022-03-04T17:31:11 IST" duration-ms="10990" status="PASS">
          <reporter-output>
          </reporter-output>
        </test-method> <!-- setUp -->
        <test-method signature="deleteTest(java.lang.String,java.lang.String,java.lang.String,java.lang.String,java.lang.String,java.lang.String,java.lang.String)[pri:0, instance:teseCases.DeleteDirectoryListingTest@6e75aa0d]" started-at="2022-03-04T17:31:11 IST" name="deleteTest" data-provider="getdeletedirectorylistData" finished-at="2022-03-04T17:31:25 IST" duration-ms="14451" status="PASS">
          <params>
            <param index="0">
              <value>
                <![CDATA[Pubmed]]>
              </value>
            </param>
            <param index="1">
              <value>
                <![CDATA[Directory]]>
              </value>
            </param>
            <param index="2">
              <value>
                <![CDATA[Manager]]>
              </value>
            </param>
            <param index="3">
              <value>
                <![CDATA[Texas]]>
              </value>
            </param>
            <param index="4">
              <value>
                <![CDATA[Twitter Link]]>
              </value>
            </param>
            <param index="5">
              <value>
                <![CDATA[https://www.google.co.in/]]>
              </value>
            </param>
            <param index="6">
              <value>
                <![CDATA[Pubmed]]>
              </value>
            </param>
          </params>
          <reporter-output>
          </reporter-output>
        </test-method> <!-- deleteTest -->
        <test-method is-config="true" signature="teardown()[pri:0, instance:teseCases.DeleteDirectoryListingTest@6e75aa0d]" started-at="2022-03-04T17:31:25 IST" name="teardown" finished-at="2022-03-04T17:31:25 IST" duration-ms="377" status="PASS">
          <reporter-output>
          </reporter-output>
        </test-method> <!-- teardown -->
      </class> <!-- teseCases.DeleteDirectoryListingTest -->
      <class name="teseCases.DeleteCustomTest">
        <test-method is-config="true" signature="setUp()[pri:0, instance:teseCases.DeleteCustomTest@78047b92]" started-at="2022-03-04T17:28:55 IST" name="setUp" finished-at="2022-03-04T17:29:05 IST" duration-ms="10242" status="PASS">
          <reporter-output>
          </reporter-output>
        </test-method> <!-- setUp -->
        <test-method signature="deleteTest(java.lang.String,java.lang.String,java.lang.String,java.lang.String)[pri:0, instance:teseCases.DeleteCustomTest@78047b92]" started-at="2022-03-04T17:29:05 IST" name="deleteTest" data-provider="getdeleteData" finished-at="2022-03-04T17:29:18 IST" duration-ms="12737" status="PASS">
          <params>
            <param index="0">
              <value>
                <![CDATA[Cinahal Custom]]>
              </value>
            </param>
            <param index="1">
              <value>
                <![CDATA[Cinahal Custom work flow]]>
              </value>
            </param>
            <param index="2">
              <value>
                <![CDATA[Cinahal Custom revision log]]>
              </value>
            </param>
            <param index="3">
              <value>
                <![CDATA[Cinahal Custom]]>
              </value>
            </param>
          </params>
          <reporter-output>
          </reporter-output>
        </test-method> <!-- deleteTest -->
        <test-method is-config="true" signature="teardown()[pri:0, instance:teseCases.DeleteCustomTest@78047b92]" started-at="2022-03-04T17:29:18 IST" name="teardown" finished-at="2022-03-04T17:29:18 IST" duration-ms="296" status="PASS">
          <reporter-output>
          </reporter-output>
        </test-method> <!-- teardown -->
      </class> <!-- teseCases.DeleteCustomTest -->
      <class name="teseCases.EditCalloutsTest">
        <test-method is-config="true" signature="setUp()[pri:0, instance:teseCases.EditCalloutsTest@3745e5c6]" started-at="2022-03-04T17:24:33 IST" name="setUp" finished-at="2022-03-04T17:24:42 IST" duration-ms="8958" status="PASS">
          <reporter-output>
          </reporter-output>
        </test-method> <!-- setUp -->
        <test-method signature="provideCalloutTitle(java.lang.String,java.lang.String,java.lang.String,java.lang.String)[pri:1, instance:teseCases.EditCalloutsTest@3745e5c6]" started-at="2022-03-04T17:24:42 IST" name="provideCalloutTitle" data-provider="InputCalloutData" finished-at="2022-03-04T17:24:52 IST" duration-ms="9967" status="PASS">
          <params>
            <param index="0">
              <value>
                <![CDATA[Verizon Research]]>
              </value>
            </param>
            <param index="1">
              <value>
                <![CDATA[Cred Resarch-M]]>
              </value>
            </param>
            <param index="2">
              <value>
                <![CDATA[Cred with SubTitle]]>
              </value>
            </param>
            <param index="3">
              <value>
                <![CDATA[Updated Cred Description]]>
              </value>
            </param>
          </params>
          <reporter-output>
          </reporter-output>
        </test-method> <!-- provideCalloutTitle -->
        <test-method is-config="true" signature="teardown()[pri:0, instance:teseCases.EditCalloutsTest@3745e5c6]" started-at="2022-03-04T17:24:52 IST" name="teardown" finished-at="2022-03-04T17:24:52 IST" duration-ms="285" status="PASS">
          <reporter-output>
          </reporter-output>
        </test-method> <!-- teardown -->
      </class> <!-- teseCases.EditCalloutsTest -->
      <class name="teseCases.DeleteNewsArticleTest">
        <test-method is-config="true" signature="setUp()[pri:0, instance:teseCases.DeleteNewsArticleTest@11dc3715]" started-at="2022-03-04T17:27:53 IST" name="setUp" finished-at="2022-03-04T17:28:03 IST" duration-ms="10098" status="PASS">
          <reporter-output>
          </reporter-output>
        </test-method> <!-- setUp -->
        <test-method signature="deleteTest(java.lang.String,java.lang.String,java.lang.String,java.lang.String,java.lang.String)[pri:0, instance:teseCases.DeleteNewsArticleTest@11dc3715]" started-at="2022-03-04T17:28:03 IST" name="deleteTest" data-provider="getdeleteData" finished-at="2022-03-04T17:28:17 IST" duration-ms="14039" status="PASS">
          <params>
            <param index="0">
              <value>
                <![CDATA[Medline News Article]]>
              </value>
            </param>
            <param index="1">
              <value>
                <![CDATA[https://www.google.co.in/]]>
              </value>
            </param>
            <param index="2">
              <value>
                <![CDATA[Miraj]]>
              </value>
            </param>
            <param index="3">
              <value>
                <![CDATA[Medline News Article workflow]]>
              </value>
            </param>
            <param index="4">
              <value>
                <![CDATA[Medline News Article]]>
              </value>
            </param>
          </params>
          <reporter-output>
          </reporter-output>
        </test-method> <!-- deleteTest -->
        <test-method is-config="true" signature="teardown()[pri:0, instance:teseCases.DeleteNewsArticleTest@11dc3715]" started-at="2022-03-04T17:28:17 IST" name="teardown" finished-at="2022-03-04T17:28:17 IST" duration-ms="306" status="PASS">
          <reporter-output>
          </reporter-output>
        </test-method> <!-- teardown -->
      </class> <!-- teseCases.DeleteNewsArticleTest -->
      <class name="teseCases.EditResourceFlowsTest">
        <test-method is-config="true" signature="setUp()[pri:0, instance:teseCases.EditResourceFlowsTest@19d37183]" started-at="2022-03-04T17:26:25 IST" name="setUp" finished-at="2022-03-04T17:26:36 IST" duration-ms="10777" status="PASS">
          <reporter-output>
          </reporter-output>
        </test-method> <!-- setUp -->
        <test-method signature="provideResourceTitle(java.lang.String,java.lang.String,java.lang.String,java.lang.String,java.lang.String,java.lang.String,java.lang.String,java.lang.String)[pri:1, instance:teseCases.EditResourceFlowsTest@19d37183]" started-at="2022-03-04T17:26:36 IST" name="provideResourceTitle" data-provider="InputResourceFlowData" finished-at="2022-03-04T17:26:47 IST" duration-ms="10698" status="PASS">
          <params>
            <param index="0">
              <value>
                <![CDATA[Verizon Research]]>
              </value>
            </param>
            <param index="1">
              <value>
                <![CDATA[Cred Resources]]>
              </value>
            </param>
            <param index="2">
              <value>
                <![CDATA[978-3-16-148410-9]]>
              </value>
            </param>
            <param index="3">
              <value>
                <![CDATA[3.60029147E8]]>
              </value>
            </param>
            <param index="4">
              <value>
                <![CDATA[Cred Resources pvt ltd]]>
              </value>
            </param>
            <param index="5">
              <value>
                <![CDATA[James]]>
              </value>
            </param>
            <param index="6">
              <value>
                <![CDATA[Cred Resources Work Flow]]>
              </value>
            </param>
            <param index="7">
              <value>
                <![CDATA[Cred Resources Revision Log]]>
              </value>
            </param>
          </params>
          <reporter-output>
          </reporter-output>
        </test-method> <!-- provideResourceTitle -->
        <test-method is-config="true" signature="teardown()[pri:0, instance:teseCases.EditResourceFlowsTest@19d37183]" started-at="2022-03-04T17:26:47 IST" name="teardown" finished-at="2022-03-04T17:26:47 IST" duration-ms="346" status="PASS">
          <reporter-output>
          </reporter-output>
        </test-method> <!-- teardown -->
      </class> <!-- teseCases.EditResourceFlowsTest -->
      <class name="teseCases.CreateResourceFlowTestPage">
        <test-method is-config="true" signature="setUp()[pri:0, instance:teseCases.CreateResourceFlowTestPage@71c8becc]" started-at="2022-03-04T17:25:23 IST" name="setUp" finished-at="2022-03-04T17:25:34 IST" duration-ms="11467" status="PASS">
          <reporter-output>
          </reporter-output>
        </test-method> <!-- setUp -->
        <test-method signature="newResourceFlowTest(java.lang.String,java.lang.String,java.lang.String,java.lang.String,java.lang.String,java.lang.String,java.lang.String)[pri:0, instance:teseCases.CreateResourceFlowTestPage@71c8becc]" started-at="2022-03-04T17:25:34 IST" name="newResourceFlowTest" data-provider="getResourceFlowsData" finished-at="2022-03-04T17:25:54 IST" duration-ms="19079" status="PASS">
          <params>
            <param index="0">
              <value>
                <![CDATA[Resource Title-31]]>
              </value>
            </param>
            <param index="1">
              <value>
                <![CDATA[978-3-16-148410-3]]>
              </value>
            </param>
            <param index="2">
              <value>
                <![CDATA[3.60029145E8]]>
              </value>
            </param>
            <param index="3">
              <value>
                <![CDATA[Resource SubTitle-31]]>
              </value>
            </param>
            <param index="4">
              <value>
                <![CDATA[Nilesh]]>
              </value>
            </param>
            <param index="5">
              <value>
                <![CDATA[workflow in resource flow for Resource Title-31]]>
              </value>
            </param>
            <param index="6">
              <value>
                <![CDATA[revision log message for Resource Title-31]]>
              </value>
            </param>
          </params>
          <reporter-output>
          </reporter-output>
        </test-method> <!-- newResourceFlowTest -->
        <test-method is-config="true" signature="teardown()[pri:0, instance:teseCases.CreateResourceFlowTestPage@71c8becc]" started-at="2022-03-04T17:25:54 IST" name="teardown" finished-at="2022-03-04T17:25:54 IST" duration-ms="320" status="PASS">
          <reporter-output>
          </reporter-output>
        </test-method> <!-- teardown -->
        <test-method is-config="true" signature="setUp()[pri:0, instance:teseCases.CreateResourceFlowTestPage@71c8becc]" started-at="2022-03-04T17:25:54 IST" name="setUp" finished-at="2022-03-04T17:26:06 IST" duration-ms="12071" status="PASS">
          <reporter-output>
          </reporter-output>
        </test-method> <!-- setUp -->
        <test-method signature="newResourceFlowTest(java.lang.String,java.lang.String,java.lang.String,java.lang.String,java.lang.String,java.lang.String,java.lang.String)[pri:0, instance:teseCases.CreateResourceFlowTestPage@71c8becc]" started-at="2022-03-04T17:26:06 IST" name="newResourceFlowTest" data-provider="getResourceFlowsData" finished-at="2022-03-04T17:26:25 IST" duration-ms="18812" status="PASS">
          <params>
            <param index="0">
              <value>
                <![CDATA[Resource Title-32]]>
              </value>
            </param>
            <param index="1">
              <value>
                <![CDATA[978-3-16-148410-4]]>
              </value>
            </param>
            <param index="2">
              <value>
                <![CDATA[3.60029146E8]]>
              </value>
            </param>
            <param index="3">
              <value>
                <![CDATA[Resource SubTitle-32]]>
              </value>
            </param>
            <param index="4">
              <value>
                <![CDATA[Azeez]]>
              </value>
            </param>
            <param index="5">
              <value>
                <![CDATA[workflow in resource flow for Resource Title-32]]>
              </value>
            </param>
            <param index="6">
              <value>
                <![CDATA[revision log message for Resource Title-32]]>
              </value>
            </param>
          </params>
          <reporter-output>
          </reporter-output>
        </test-method> <!-- newResourceFlowTest -->
        <test-method is-config="true" signature="teardown()[pri:0, instance:teseCases.CreateResourceFlowTestPage@71c8becc]" started-at="2022-03-04T17:26:25 IST" name="teardown" finished-at="2022-03-04T17:26:25 IST" duration-ms="355" status="PASS">
          <reporter-output>
          </reporter-output>
        </test-method> <!-- teardown -->
      </class> <!-- teseCases.CreateResourceFlowTestPage -->
      <class name="teseCases.createDirectoryListingsTestPage">
        <test-method is-config="true" signature="setUp()[pri:0, instance:teseCases.createDirectoryListingsTestPage@4f638935]" started-at="2022-03-04T17:30:18 IST" name="setUp" finished-at="2022-03-04T17:30:29 IST" duration-ms="11346" status="PASS">
          <reporter-output>
          </reporter-output>
        </test-method> <!-- setUp -->
        <test-method signature="newdirectorycreatetest(java.lang.String,java.lang.String,java.lang.String,java.lang.String,java.lang.String,java.lang.String)[pri:0, instance:teseCases.createDirectoryListingsTestPage@4f638935]" started-at="2022-03-04T17:30:29 IST" name="newdirectorycreatetest" data-provider="getDirectoryListData" finished-at="2022-03-04T17:30:41 IST" duration-ms="12377" status="PASS">
          <params>
            <param index="0">
              <value>
                <![CDATA[Directory]]>
              </value>
            </param>
            <param index="1">
              <value>
                <![CDATA[Listing1]]>
              </value>
            </param>
            <param index="2">
              <value>
                <![CDATA[Project developer]]>
              </value>
            </param>
            <param index="3">
              <value>
                <![CDATA[Texas]]>
              </value>
            </param>
            <param index="4">
              <value>
                <![CDATA[Twitter Title]]>
              </value>
            </param>
            <param index="5">
              <value>
                <![CDATA[https://www.google.co.in/]]>
              </value>
            </param>
          </params>
          <reporter-output>
          </reporter-output>
        </test-method> <!-- newdirectorycreatetest -->
        <test-method is-config="true" signature="teardown()[pri:0, instance:teseCases.createDirectoryListingsTestPage@4f638935]" started-at="2022-03-04T17:30:41 IST" name="teardown" finished-at="2022-03-04T17:30:42 IST" duration-ms="1008" status="PASS">
          <reporter-output>
          </reporter-output>
        </test-method> <!-- teardown -->
      </class> <!-- teseCases.createDirectoryListingsTestPage -->
      <class name="teseCases.EditNewsArticlesTest">
        <test-method is-config="true" signature="setUp()[pri:0, instance:teseCases.EditNewsArticlesTest@a4102b8]" started-at="2022-03-04T17:27:36 IST" name="setUp" finished-at="2022-03-04T17:27:47 IST" duration-ms="11067" status="PASS">
          <reporter-output>
          </reporter-output>
        </test-method> <!-- setUp -->
        <test-method signature="provideNewsArticleTitle(java.lang.String,java.lang.String,java.lang.String,java.lang.String,java.lang.String)[pri:1, instance:teseCases.EditNewsArticlesTest@a4102b8]" started-at="2022-03-04T17:27:47 IST" name="provideNewsArticleTitle" data-provider="InputNewsArticleData" finished-at="2022-03-04T17:27:53 IST" duration-ms="5355" status="PASS">
          <params>
            <param index="0">
              <value>
                <![CDATA[Verizon Research]]>
              </value>
            </param>
            <param index="1">
              <value>
                <![CDATA[Cred Resources]]>
              </value>
            </param>
            <param index="2">
              <value>
                <![CDATA[https://www.google.co.in/]]>
              </value>
            </param>
            <param index="3">
              <value>
                <![CDATA[Neliez]]>
              </value>
            </param>
            <param index="4">
              <value>
                <![CDATA[Work Flow]]>
              </value>
            </param>
          </params>
          <reporter-output>
          </reporter-output>
        </test-method> <!-- provideNewsArticleTitle -->
        <test-method is-config="true" signature="teardown()[pri:0, instance:teseCases.EditNewsArticlesTest@a4102b8]" started-at="2022-03-04T17:27:53 IST" name="teardown" finished-at="2022-03-04T17:27:53 IST" duration-ms="272" status="PASS">
          <reporter-output>
          </reporter-output>
        </test-method> <!-- teardown -->
      </class> <!-- teseCases.EditNewsArticlesTest -->
      <class name="teseCases.DeleteResourceFlowTest">
        <test-method is-config="true" signature="setUp()[pri:0, instance:teseCases.DeleteResourceFlowTest@fdefd3f]" started-at="2022-03-04T17:26:47 IST" name="setUp" finished-at="2022-03-04T17:26:58 IST" duration-ms="10796" status="PASS">
          <reporter-output>
          </reporter-output>
        </test-method> <!-- setUp -->
        <test-method signature="deleteTest(java.lang.String,java.lang.String,java.lang.String,java.lang.String,java.lang.String,java.lang.String,java.lang.String,java.lang.String)[pri:0, instance:teseCases.DeleteResourceFlowTest@fdefd3f]" started-at="2022-03-04T17:26:58 IST" name="deleteTest" data-provider="getdeleteData" finished-at="2022-03-04T17:27:18 IST" duration-ms="19925" status="PASS">
          <params>
            <param index="0">
              <value>
                <![CDATA[Verizon Resource]]>
              </value>
            </param>
            <param index="1">
              <value>
                <![CDATA[978-3-16-148410-3]]>
              </value>
            </param>
            <param index="2">
              <value>
                <![CDATA[3.60029145E8]]>
              </value>
            </param>
            <param index="3">
              <value>
                <![CDATA[Verizon Resource pvt. Ltd]]>
              </value>
            </param>
            <param index="4">
              <value>
                <![CDATA[Sharon]]>
              </value>
            </param>
            <param index="5">
              <value>
                <![CDATA[Verizon Resource work Flow]]>
              </value>
            </param>
            <param index="6">
              <value>
                <![CDATA[Verizon Resource Logs]]>
              </value>
            </param>
            <param index="7">
              <value>
                <![CDATA[Verizon Resource]]>
              </value>
            </param>
          </params>
          <reporter-output>
          </reporter-output>
        </test-method> <!-- deleteTest -->
        <test-method is-config="true" signature="teardown()[pri:0, instance:teseCases.DeleteResourceFlowTest@fdefd3f]" started-at="2022-03-04T17:27:18 IST" name="teardown" finished-at="2022-03-04T17:27:18 IST" duration-ms="341" status="PASS">
          <reporter-output>
          </reporter-output>
        </test-method> <!-- teardown -->
      </class> <!-- teseCases.DeleteResourceFlowTest -->
    </test> <!-- Test -->
  </suite> <!-- Suite1 -->
</testng-results>
